#
# A fatal error has been detected by the Java Runtime Environment:
#
#  EXCEPTION_ACCESS_VIOLATION (0xc0000005) at pc=0x00007ffe59db45b0, pid=9548, tid=0x0000000000001fd4
#
# JRE version: Java(TM) SE Runtime Environment (8.0_181-b13) (build 1.8.0_181-b13)
# Java VM: Java HotSpot(TM) 64-Bit Server VM (25.181-b13 mixed mode windows-amd64 compressed oops)
# Problematic frame:
# C  [igdrcl64.dll+0x945b0]
#
# Failed to write core dump. Minidumps are not enabled by default on client versions of Windows
#
# If you would like to submit a bug report, please visit:
#   http://bugreport.java.com/bugreport/crash.jsp
#

---------------  T H R E A D  ---------------

Current thread (0x0000000017e29800):  VMThread [stack: 0x0000000019b10000,0x0000000019c10000] [id=8148]

siginfo: ExceptionCode=0xc0000005, reading address 0x0000000000000000

Registers:
RAX=0x000000001d086540, RBX=0x00007ffe59db4590, RCX=0x000000001d3fa910, RDX=0x0000000000000000
RSP=0x0000000019c0eaf0, RBP=0x0000000000000000, RSI=0x0000000000000000, RDI=0x000000001d3fa910
R8 =0x000000000000003d, R9 =0x000000000000003d, R10=0x000000000000003b, R11=0x0000000019c0eb30
R12=0x00007ffea8106120, R13=0x00007ffea8106168, R14=0x00007ffe3c9e5130, R15=0x00007ffe3b12ba70
RIP=0x00007ffe59db45b0, EFLAGS=0x0000000000010206

Top of Stack: (sp=0x0000000019c0eaf0)
0x0000000019c0eaf0:   0000000000000000 0000000000000001
0x0000000019c0eb00:   0000000000000065 00000000014e0000
0x0000000019c0eb10:   000000001d3fa910 00007ffe59d3917e
0x0000000019c0eb20:   00007ffe59db4590 00000000012d1a50
0x0000000019c0eb30:   0000000000000000 00007ffe937c2b4f
0x0000000019c0eb40:   fffffffffffffffe 0000000000000000
0x0000000019c0eb50:   000034601332127e 00007ffe3c9e7770
0x0000000019c0eb60:   0000000000000001 00007ffe3b2465ae
0x0000000019c0eb70:   0000000027716b10 0000000027716b10
0x0000000019c0eb80:   0000000000000065 00007ffe3bda9833
0x0000000019c0eb90:   00007ffe3c9e77d0 00007ffe3b131fdf
0x0000000019c0eba0:   0000000000000000 0000000027716b10
0x0000000019c0ebb0:   0000000000000000 00007ffe3bda9c9b
0x0000000019c0ebc0:   00007ffe00000000 00007ffe3b266315
0x0000000019c0ebd0:   000014379ddcb4b3 00007ffea7fe083d
0x0000000019c0ebe0:   0000000000000001 00007ffe3b246890 

Instructions: (pc=0x00007ffe59db45b0)
0x00007ffe59db4590:   48 89 5c 24 08 48 89 74 24 10 57 48 83 ec 20 48
0x00007ffe59db45a0:   8b 81 f8 00 00 00 48 8b f9 48 8b b0 f0 03 00 00
0x00007ffe59db45b0:   48 8b 06 48 8b 58 18 48 8b cb ff 15 c0 2f 1c 00
0x00007ffe59db45c0:   48 8b ce ff d3 48 8b cf e8 a3 1d fc ff 84 c0 75 


Register to memory mapping:

RAX=0x000000001d086540 is an unknown value
RBX=0x00007ffe59db4590 is an unknown value
RCX=0x000000001d3fa910 is an unknown value
RDX=0x0000000000000000 is an unknown value
RSP=0x0000000019c0eaf0 is an unknown value
RBP=0x0000000000000000 is an unknown value
RSI=0x0000000000000000 is an unknown value
RDI=0x000000001d3fa910 is an unknown value
R8 =0x000000000000003d is an unknown value
R9 =0x000000000000003d is an unknown value
R10=0x000000000000003b is an unknown value
R11=0x0000000019c0eb30 is an unknown value
R12=0x00007ffea8106120 is an unknown value
R13=0x00007ffea8106168 is an unknown value
R14=0x00007ffe3c9e5130 is an unknown value
R15=0x00007ffe3b12ba70 is an unknown value


Stack: [0x0000000019b10000,0x0000000019c10000],  sp=0x0000000019c0eaf0,  free space=1018k
Native frames: (J=compiled Java code, j=interpreted, Vv=VM code, C=native code)

VM_Operation (0x0000000023f5d220): Exit, mode: safepoint, requested by thread 0x000000001ad28800


---------------  P R O C E S S  ---------------

Java Threads: ( => current thread )
  0x000000001ad28800 JavaThread "AWT-EventQueue-0" [_thread_blocked, id=11660, stack(0x0000000023e60000,0x0000000023f60000)]
  0x000000001a0fe000 JavaThread "AWT-Shutdown" [_thread_blocked, id=17152, stack(0x0000000023490000,0x0000000023590000)]
  0x000000001a0fd800 JavaThread "Java2D Disposer" daemon [_thread_blocked, id=16816, stack(0x000000001b4b0000,0x000000001b5b0000)]
  0x0000000019dcb800 JavaThread "Service Thread" daemon [_thread_blocked, id=3272, stack(0x000000001a940000,0x000000001aa40000)]
  0x0000000019d48000 JavaThread "C1 CompilerThread3" daemon [_thread_blocked, id=13980, stack(0x000000001a840000,0x000000001a940000)]
  0x0000000019d40800 JavaThread "C2 CompilerThread2" daemon [_thread_blocked, id=20668, stack(0x000000001a740000,0x000000001a840000)]
  0x0000000019d3d800 JavaThread "C2 CompilerThread1" daemon [_thread_blocked, id=19700, stack(0x000000001a640000,0x000000001a740000)]
  0x0000000019d39800 JavaThread "C2 CompilerThread0" daemon [_thread_blocked, id=8612, stack(0x000000001a540000,0x000000001a640000)]
  0x0000000019d37800 JavaThread "Attach Listener" daemon [_thread_blocked, id=4696, stack(0x000000001a440000,0x000000001a540000)]
  0x0000000017e3e800 JavaThread "Signal Dispatcher" daemon [_thread_blocked, id=9132, stack(0x000000001a340000,0x000000001a440000)]
  0x0000000019d30800 JavaThread "Finalizer" daemon [_thread_blocked, id=17472, stack(0x000000001a110000,0x000000001a210000)]
  0x0000000002f28000 JavaThread "Reference Handler" daemon [_thread_blocked, id=17640, stack(0x0000000019c10000,0x0000000019d10000)]
  0x0000000002e32800 JavaThread "main" [_thread_blocked, id=16640, stack(0x0000000002c90000,0x0000000002d90000)]

Other Threads:
=>0x0000000017e29800 VMThread [stack: 0x0000000019b10000,0x0000000019c10000] [id=8148]

VM state:at safepoint (shutting down)

VM Mutex/Monitor currently owned by a thread:  ([mutex/lock_event])
[0x0000000002e2d600] Threads_lock - owner thread: 0x0000000017e29800

Heap:
 PSYoungGen      total 27648K, used 25408K [0x00000000d6200000, 0x00000000d8080000, 0x0000000100000000)
  eden space 24064K, 93% used [0x00000000d6200000,0x00000000d77fd318,0x00000000d7980000)
  from space 3584K, 80% used [0x00000000d7d00000,0x00000000d7fd3030,0x00000000d8080000)
  to   space 3584K, 0% used [0x00000000d7980000,0x00000000d7980000,0x00000000d7d00000)
 ParOldGen       total 86016K, used 51468K [0x0000000082600000, 0x0000000087a00000, 0x00000000d6200000)
  object space 86016K, 59% used [0x0000000082600000,0x0000000085843120,0x0000000087a00000)
 Metaspace       used 10607K, capacity 10856K, committed 11008K, reserved 1058816K
  class space    used 1150K, capacity 1226K, committed 1280K, reserved 1048576K

Card table byte_map: [0x00000000122f0000,0x00000000126e0000] byte_map_base: 0x0000000011edd000

Marking Bits: (ParMarkBitMap*) 0x0000000073802d00
 Begin Bits: [0x0000000013180000, 0x00000000150e8000)
 End Bits:   [0x00000000150e8000, 0x0000000017050000)

Polling page: 0x0000000001460000

CodeCache: size=245760Kb used=4599Kb max_used=4666Kb free=241160Kb
 bounds [0x0000000002f30000, 0x00000000033d0000, 0x0000000011f30000]
 total_blobs=2015 nmethods=1289 adapters=638
 compilation: enabled

Compilation events (10 events):
Event: 98.451 Thread 0x0000000019d3d800 1353       4       java.lang.ref.ReferenceQueue::remove (6 bytes)
Event: 98.459 Thread 0x0000000019d3d800 nmethod 1353 0x00000000030cbf50 code [0x00000000030cc0c0, 0x00000000030cc708]
Event: 99.414 Thread 0x0000000019d40800 1354       4       java.awt.EventQueue::getNextEventPrivate (76 bytes)
Event: 99.419 Thread 0x0000000019d40800 nmethod 1354 0x0000000003126210 code [0x0000000003126360, 0x00000000031265b8]
Event: 100.610 Thread 0x0000000019d39800 1355       4       java.util.ArrayList::<init> (61 bytes)
Event: 100.627 Thread 0x0000000019d39800 nmethod 1355 0x000000000312e790 code [0x000000000312e8e0, 0x000000000312ea38]
Event: 100.938 Thread 0x0000000019d3d800 1356       4       sun.awt.SunHints$Value::hashCode (5 bytes)
Event: 100.938 Thread 0x0000000019d3d800 nmethod 1356 0x00000000033aea50 code [0x00000000033aeba0, 0x00000000033aec48]
Event: 100.992 Thread 0x0000000019d40800 1357       4       java.util.IdentityHashMap::keySet (26 bytes)
Event: 100.993 Thread 0x0000000019d40800 nmethod 1357 0x00000000030b40d0 code [0x00000000030b4200, 0x00000000030b4278]

GC Heap History (10 events):
Event: 97.767 GC heap before
{Heap before GC invocations=144 (full 0):
 PSYoungGen      total 27648K, used 26856K [0x00000000d6200000, 0x00000000d8080000, 0x0000000100000000)
  eden space 24064K, 99% used [0x00000000d6200000,0x00000000d795f040,0x00000000d7980000)
  from space 3584K, 81% used [0x00000000d7980000,0x00000000d7c5b030,0x00000000d7d00000)
  to   space 3584K, 0% used [0x00000000d7d00000,0x00000000d7d00000,0x00000000d8080000)
 ParOldGen       total 86016K, used 51332K [0x0000000082600000, 0x0000000087a00000, 0x00000000d6200000)
  object space 86016K, 59% used [0x0000000082600000,0x0000000085821120,0x0000000087a00000)
 Metaspace       used 10607K, capacity 10856K, committed 11008K, reserved 1058816K
  class space    used 1150K, capacity 1226K, committed 1280K, reserved 1048576K
Event: 97.768 GC heap after
Heap after GC invocations=144 (full 0):
 PSYoungGen      total 27648K, used 2924K [0x00000000d6200000, 0x00000000d8080000, 0x0000000100000000)
  eden space 24064K, 0% used [0x00000000d6200000,0x00000000d6200000,0x00000000d7980000)
  from space 3584K, 81% used [0x00000000d7d00000,0x00000000d7fdb030,0x00000000d8080000)
  to   space 3584K, 0% used [0x00000000d7980000,0x00000000d7980000,0x00000000d7d00000)
 ParOldGen       total 86016K, used 51356K [0x0000000082600000, 0x0000000087a00000, 0x00000000d6200000)
  object space 86016K, 59% used [0x0000000082600000,0x0000000085827120,0x0000000087a00000)
 Metaspace       used 10607K, capacity 10856K, committed 11008K, reserved 1058816K
  class space    used 1150K, capacity 1226K, committed 1280K, reserved 1048576K
}
Event: 98.450 GC heap before
{Heap before GC invocations=145 (full 0):
 PSYoungGen      total 27648K, used 26880K [0x00000000d6200000, 0x00000000d8080000, 0x0000000100000000)
  eden space 24064K, 99% used [0x00000000d6200000,0x00000000d7965178,0x00000000d7980000)
  from space 3584K, 81% used [0x00000000d7d00000,0x00000000d7fdb030,0x00000000d8080000)
  to   space 3584K, 0% used [0x00000000d7980000,0x00000000d7980000,0x00000000d7d00000)
 ParOldGen       total 86016K, used 51356K [0x0000000082600000, 0x0000000087a00000, 0x00000000d6200000)
  object space 86016K, 59% used [0x0000000082600000,0x0000000085827120,0x0000000087a00000)
 Metaspace       used 10607K, capacity 10856K, committed 11008K, reserved 1058816K
  class space    used 1150K, capacity 1226K, committed 1280K, reserved 1048576K
Event: 98.451 GC heap after
Heap after GC invocations=145 (full 0):
 PSYoungGen      total 27648K, used 2924K [0x00000000d6200000, 0x00000000d8080000, 0x0000000100000000)
  eden space 24064K, 0% used [0x00000000d6200000,0x00000000d6200000,0x00000000d7980000)
  from space 3584K, 81% used [0x00000000d7980000,0x00000000d7c5b030,0x00000000d7d00000)
  to   space 3584K, 0% used [0x00000000d7d00000,0x00000000d7d00000,0x00000000d8080000)
 ParOldGen       total 86016K, used 51380K [0x0000000082600000, 0x0000000087a00000, 0x00000000d6200000)
  object space 86016K, 59% used [0x0000000082600000,0x000000008582d120,0x0000000087a00000)
 Metaspace       used 10607K, capacity 10856K, committed 11008K, reserved 1058816K
  class space    used 1150K, capacity 1226K, committed 1280K, reserved 1048576K
}
Event: 99.140 GC heap before
{Heap before GC invocations=146 (full 0):
 PSYoungGen      total 27648K, used 26860K [0x00000000d6200000, 0x00000000d8080000, 0x0000000100000000)
  eden space 24064K, 99% used [0x00000000d6200000,0x00000000d7960368,0x00000000d7980000)
  from space 3584K, 81% used [0x00000000d7980000,0x00000000d7c5b030,0x00000000d7d00000)
  to   space 3584K, 0% used [0x00000000d7d00000,0x00000000d7d00000,0x00000000d8080000)
 ParOldGen       total 86016K, used 51380K [0x0000000082600000, 0x0000000087a00000, 0x00000000d6200000)
  object space 86016K, 59% used [0x0000000082600000,0x000000008582d120,0x0000000087a00000)
 Metaspace       used 10607K, capacity 10856K, committed 11008K, reserved 1058816K
  class space    used 1150K, capacity 1226K, committed 1280K, reserved 1048576K
Event: 99.141 GC heap after
Heap after GC invocations=146 (full 0):
 PSYoungGen      total 27648K, used 2892K [0x00000000d6200000, 0x00000000d8080000, 0x0000000100000000)
  eden space 24064K, 0% used [0x00000000d6200000,0x00000000d6200000,0x00000000d7980000)
  from space 3584K, 80% used [0x00000000d7d00000,0x00000000d7fd3030,0x00000000d8080000)
  to   space 3584K, 0% used [0x00000000d7980000,0x00000000d7980000,0x00000000d7d00000)
 ParOldGen       total 86016K, used 51404K [0x0000000082600000, 0x0000000087a00000, 0x00000000d6200000)
  object space 86016K, 59% used [0x0000000082600000,0x0000000085833120,0x0000000087a00000)
 Metaspace       used 10607K, capacity 10856K, committed 11008K, reserved 1058816K
  class space    used 1150K, capacity 1226K, committed 1280K, reserved 1048576K
}
Event: 99.830 GC heap before
{Heap before GC invocations=147 (full 0):
 PSYoungGen      total 27648K, used 26823K [0x00000000d6200000, 0x00000000d8080000, 0x0000000100000000)
  eden space 24064K, 99% used [0x00000000d6200000,0x00000000d795ef88,0x00000000d7980000)
  from space 3584K, 80% used [0x00000000d7d00000,0x00000000d7fd3030,0x00000000d8080000)
  to   space 3584K, 0% used [0x00000000d7980000,0x00000000d7980000,0x00000000d7d00000)
 ParOldGen       total 86016K, used 51404K [0x0000000082600000, 0x0000000087a00000, 0x00000000d6200000)
  object space 86016K, 59% used [0x0000000082600000,0x0000000085833120,0x0000000087a00000)
 Metaspace       used 10607K, capacity 10856K, committed 11008K, reserved 1058816K
  class space    used 1150K, capacity 1226K, committed 1280K, reserved 1048576K
Event: 99.831 GC heap after
Heap after GC invocations=147 (full 0):
 PSYoungGen      total 27648K, used 2892K [0x00000000d6200000, 0x00000000d8080000, 0x0000000100000000)
  eden space 24064K, 0% used [0x00000000d6200000,0x00000000d6200000,0x00000000d7980000)
  from space 3584K, 80% used [0x00000000d7980000,0x00000000d7c53030,0x00000000d7d00000)
  to   space 3584K, 0% used [0x00000000d7d00000,0x00000000d7d00000,0x00000000d8080000)
 ParOldGen       total 86016K, used 51436K [0x0000000082600000, 0x0000000087a00000, 0x00000000d6200000)
  object space 86016K, 59% used [0x0000000082600000,0x000000008583b120,0x0000000087a00000)
 Metaspace       used 10607K, capacity 10856K, committed 11008K, reserved 1058816K
  class space    used 1150K, capacity 1226K, committed 1280K, reserved 1048576K
}
Event: 100.546 GC heap before
{Heap before GC invocations=148 (full 0):
 PSYoungGen      total 27648K, used 26823K [0x00000000d6200000, 0x00000000d8080000, 0x0000000100000000)
  eden space 24064K, 99% used [0x00000000d6200000,0x00000000d795efa8,0x00000000d7980000)
  from space 3584K, 80% used [0x00000000d7980000,0x00000000d7c53030,0x00000000d7d00000)
  to   space 3584K, 0% used [0x00000000d7d00000,0x00000000d7d00000,0x00000000d8080000)
 ParOldGen       total 86016K, used 51436K [0x0000000082600000, 0x0000000087a00000, 0x00000000d6200000)
  object space 86016K, 59% used [0x0000000082600000,0x000000008583b120,0x0000000087a00000)
 Metaspace       used 10607K, capacity 10856K, committed 11008K, reserved 1058816K
  class space    used 1150K, capacity 1226K, committed 1280K, reserved 1048576K
Event: 100.547 GC heap after
Heap after GC invocations=148 (full 0):
 PSYoungGen      total 27648K, used 2892K [0x00000000d6200000, 0x00000000d8080000, 0x0000000100000000)
  eden space 24064K, 0% used [0x00000000d6200000,0x00000000d6200000,0x00000000d7980000)
  from space 3584K, 80% used [0x00000000d7d00000,0x00000000d7fd3030,0x00000000d8080000)
  to   space 3584K, 0% used [0x00000000d7980000,0x00000000d7980000,0x00000000d7d00000)
 ParOldGen       total 86016K, used 51468K [0x0000000082600000, 0x0000000087a00000, 0x00000000d6200000)
  object space 86016K, 59% used [0x0000000082600000,0x0000000085843120,0x0000000087a00000)
 Metaspace       used 10607K, capacity 10856K, committed 11008K, reserved 1058816K
  class space    used 1150K, capacity 1226K, committed 1280K, reserved 1048576K
}

Deoptimization events (8 events):
Event: 0.202 Thread 0x0000000002e32800 Uncommon trap: reason=null_check action=make_not_entrant pc=0x00000000030934e0 method=java.lang.String.equals(Ljava/lang/Object;)Z @ 8
Event: 2.171 Thread 0x000000001ad28800 Uncommon trap: reason=class_check action=maybe_recompile pc=0x00000000030b64e0 method=java.lang.String.equals(Ljava/lang/Object;)Z @ 8
Event: 2.179 Thread 0x000000001ad28800 Uncommon trap: reason=class_check action=maybe_recompile pc=0x00000000030b64e0 method=java.lang.String.equals(Ljava/lang/Object;)Z @ 8
Event: 2.181 Thread 0x000000001ad28800 Uncommon trap: reason=class_check action=maybe_recompile pc=0x00000000030b64e0 method=java.lang.String.equals(Ljava/lang/Object;)Z @ 8
Event: 2.183 Thread 0x000000001ad28800 Uncommon trap: reason=class_check action=maybe_recompile pc=0x00000000030b64e0 method=java.lang.String.equals(Ljava/lang/Object;)Z @ 8
Event: 101.047 Thread 0x0000000002e32800 Uncommon trap: reason=unstable_if action=reinterpret pc=0x00000000030477a4 method=sun.awt.AWTAutoShutdown.isReadyToShutdown()Z @ 4
Event: 101.100 Thread 0x000000001ad28800 Uncommon trap: reason=unstable_if action=reinterpret pc=0x0000000003395f00 method=java.awt.EventQueue.getPriority(Ljava/awt/AWTEvent;)I @ 64
Event: 101.107 Thread 0x000000001ad28800 Uncommon trap: reason=unstable_if action=reinterpret pc=0x00000000030b4258 method=java.util.IdentityHashMap.keySet()Ljava/util/Set; @ 6

Classes redefined (0 events):
No events

Internal exceptions (10 events):
Event: 0.109 Thread 0x0000000002e32800 Exception <a 'java/security/PrivilegedActionException'> (0x00000000d6289b60) thrown at [C:\re\workspace\8-2-build-windows-amd64-cygwin\jdk8u181\11358\hotspot\src\share\vm\prims\jvm.cpp, line 1435]
Event: 0.110 Thread 0x0000000002e32800 Exception <a 'java/security/PrivilegedActionException'> (0x00000000d628da70) thrown at [C:\re\workspace\8-2-build-windows-amd64-cygwin\jdk8u181\11358\hotspot\src\share\vm\prims\jvm.cpp, line 1435]
Event: 0.110 Thread 0x0000000002e32800 Exception <a 'java/security/PrivilegedActionException'> (0x00000000d628dc80) thrown at [C:\re\workspace\8-2-build-windows-amd64-cygwin\jdk8u181\11358\hotspot\src\share\vm\prims\jvm.cpp, line 1435]
Event: 0.115 Thread 0x0000000002e32800 Exception <a 'java/io/FileNotFoundException'> (0x00000000d6290858) thrown at [C:\re\workspace\8-2-build-windows-amd64-cygwin\jdk8u181\11358\hotspot\src\share\vm\prims\jni.cpp, line 709]
Event: 0.142 Thread 0x0000000002e32800 Exception <a 'java/lang/NoSuchFieldError': method resolution failed> (0x00000000d6405158) thrown at [C:\re\workspace\8-2-build-windows-amd64-cygwin\jdk8u181\11358\hotspot\src\share\vm\prims\methodHandles.cpp, line 1167]
Event: 0.144 Thread 0x0000000002e32800 Exception <a 'java/lang/NoSuchFieldError': method resolution failed> (0x00000000d6412528) thrown at [C:\re\workspace\8-2-build-windows-amd64-cygwin\jdk8u181\11358\hotspot\src\share\vm\prims\methodHandles.cpp, line 1167]
Event: 0.177 Thread 0x0000000002e32800 Exception <a 'java/io/FileNotFoundException'> (0x00000000d64abcf0) thrown at [C:\re\workspace\8-2-build-windows-amd64-cygwin\jdk8u181\11358\hotspot\src\share\vm\prims\jni.cpp, line 709]
Event: 0.202 Thread 0x0000000002e32800 Implicit null exception at 0x0000000003093322 to 0x00000000030934d1
Event: 0.219 Thread 0x0000000002e32800 Exception <a 'java/security/PrivilegedActionException'> (0x00000000d65e1598) thrown at [C:\re\workspace\8-2-build-windows-amd64-cygwin\jdk8u181\11358\hotspot\src\share\vm\prims\jvm.cpp, line 1435]
Event: 0.219 Thread 0x0000000002e32800 Exception <a 'java/security/PrivilegedActionException'> (0x00000000d65e17a8) thrown at [C:\re\workspace\8-2-build-windows-amd64-cygwin\jdk8u181\11358\hotspot\src\share\vm\prims\jvm.cpp, line 1435]

Events (10 events):
Event: 101.100 Thread 0x000000001ad28800 DEOPT UNPACKING pc=0x0000000002f7583b sp=0x0000000023f5ef00 mode 2
Event: 101.107 Thread 0x000000001ad28800 Uncommon trap: trap_request=0xffffff65 fr.pc=0x00000000030b4258
Event: 101.107 Thread 0x000000001ad28800 DEOPT PACKING pc=0x00000000030b4258 sp=0x0000000023f5d190
Event: 101.107 Thread 0x000000001ad28800 DEOPT UNPACKING pc=0x0000000002f7583b sp=0x0000000023f5d130 mode 2
Event: 101.107 Thread 0x0000000019fde000 Thread added: 0x0000000019fde000
Event: 101.108 Thread 0x000000001a074000 Thread added: 0x000000001a074000
Event: 101.132 Thread 0x000000001a074000 Thread exited: 0x000000001a074000
Event: 101.183 Thread 0x000000001a102000 Thread exited: 0x000000001a102000
Event: 101.237 Thread 0x0000000019fde000 Thread exited: 0x0000000019fde000
Event: 101.238 Executing VM operation: Exit


Dynamic libraries:
0x00007ff66d2e0000 - 0x00007ff66d317000 	C:\Program Files\Java\jdk1.8.0_181\bin\java.exe
0x00007ffea7fa0000 - 0x00007ffea8190000 	C:\WINDOWS\SYSTEM32\ntdll.dll
0x00007ffe8dc70000 - 0x00007ffe8dc85000 	C:\Program Files\AVAST Software\Avast\aswhook.dll
0x00007ffea6930000 - 0x00007ffea69e2000 	C:\WINDOWS\System32\KERNEL32.DLL
0x00007ffea5100000 - 0x00007ffea53a3000 	C:\WINDOWS\System32\KERNELBASE.dll
0x00007ffea6540000 - 0x00007ffea65e3000 	C:\WINDOWS\System32\ADVAPI32.dll
0x00007ffea69f0000 - 0x00007ffea6a8e000 	C:\WINDOWS\System32\msvcrt.dll
0x00007ffea7ec0000 - 0x00007ffea7f57000 	C:\WINDOWS\System32\sechost.dll
0x00007ffea6c70000 - 0x00007ffea6d90000 	C:\WINDOWS\System32\RPCRT4.dll
0x00007ffea7d20000 - 0x00007ffea7eb4000 	C:\WINDOWS\System32\USER32.dll
0x00007ffea53b0000 - 0x00007ffea53d1000 	C:\WINDOWS\System32\win32u.dll
0x00007ffea6120000 - 0x00007ffea6146000 	C:\WINDOWS\System32\GDI32.dll
0x00007ffea5e00000 - 0x00007ffea5f94000 	C:\WINDOWS\System32\gdi32full.dll
0x00007ffea55e0000 - 0x00007ffea567e000 	C:\WINDOWS\System32\msvcp_win.dll
0x00007ffea53e0000 - 0x00007ffea54da000 	C:\WINDOWS\System32\ucrtbase.dll
0x00007ffe8b1d0000 - 0x00007ffe8b455000 	C:\WINDOWS\WinSxS\amd64_microsoft.windows.common-controls_6595b64144ccf1df_6.0.18362.657_none_e6c5b579130e3898\COMCTL32.dll
0x00007ffea65f0000 - 0x00007ffea6926000 	C:\WINDOWS\System32\combase.dll
0x00007ffea5080000 - 0x00007ffea5100000 	C:\WINDOWS\System32\bcryptPrimitives.dll
0x00007ffea61e0000 - 0x00007ffea620e000 	C:\WINDOWS\System32\IMM32.DLL
0x00000000759c0000 - 0x0000000075a92000 	C:\Program Files\Java\jdk1.8.0_181\jre\bin\msvcr100.dll
0x0000000072fe0000 - 0x0000000073882000 	C:\Program Files\Java\jdk1.8.0_181\jre\bin\server\jvm.dll
0x00007ffea61d0000 - 0x00007ffea61d8000 	C:\WINDOWS\System32\PSAPI.DLL
0x00007ffe8dd00000 - 0x00007ffe8dd09000 	C:\WINDOWS\SYSTEM32\WSOCK32.dll
0x00007ffea6b40000 - 0x00007ffea6baf000 	C:\WINDOWS\System32\WS2_32.dll
0x00007ffea2980000 - 0x00007ffea29a4000 	C:\WINDOWS\SYSTEM32\WINMM.dll
0x00007ffe99a90000 - 0x00007ffe99a9a000 	C:\WINDOWS\SYSTEM32\VERSION.dll
0x00007ffea2500000 - 0x00007ffea252d000 	C:\WINDOWS\SYSTEM32\WINMMBASE.dll
0x00007ffea5540000 - 0x00007ffea558a000 	C:\WINDOWS\System32\cfgmgr32.dll
0x00000000759b0000 - 0x00000000759bf000 	C:\Program Files\Java\jdk1.8.0_181\jre\bin\verify.dll
0x0000000075980000 - 0x00000000759a9000 	C:\Program Files\Java\jdk1.8.0_181\jre\bin\java.dll
0x0000000075960000 - 0x0000000075976000 	C:\Program Files\Java\jdk1.8.0_181\jre\bin\zip.dll
0x00007ffea6d90000 - 0x00007ffea7475000 	C:\WINDOWS\System32\SHELL32.dll
0x00007ffea7c50000 - 0x00007ffea7cf9000 	C:\WINDOWS\System32\shcore.dll
0x00007ffea5680000 - 0x00007ffea5dff000 	C:\WINDOWS\System32\windows.storage.dll
0x00007ffea4ec0000 - 0x00007ffea4edf000 	C:\WINDOWS\System32\profapi.dll
0x00007ffea4ee0000 - 0x00007ffea4f2a000 	C:\WINDOWS\System32\powrprof.dll
0x00007ffea4e70000 - 0x00007ffea4e80000 	C:\WINDOWS\System32\UMPDC.dll
0x00007ffea7bf0000 - 0x00007ffea7c42000 	C:\WINDOWS\System32\shlwapi.dll
0x00007ffea4ea0000 - 0x00007ffea4eb1000 	C:\WINDOWS\System32\kernel.appcore.dll
0x00007ffea55c0000 - 0x00007ffea55d7000 	C:\WINDOWS\System32\cryptsp.dll
0x0000000073d30000 - 0x0000000073ec9000 	C:\Program Files\Java\jdk1.8.0_181\jre\bin\awt.dll
0x00007ffea6050000 - 0x00007ffea6114000 	C:\WINDOWS\System32\OLEAUT32.dll
0x00007ffea2bf0000 - 0x00007ffea2c7f000 	C:\WINDOWS\SYSTEM32\apphelp.dll
0x00007ffea31b0000 - 0x00007ffea31dd000 	C:\WINDOWS\system32\DWMAPI.DLL
0x00007ffea2d90000 - 0x00007ffea2e29000 	C:\WINDOWS\system32\uxtheme.dll
0x00007ffe86f60000 - 0x00007ffe870b6000 	C:\WINDOWS\system32\opengl32.dll
0x00007ffe90bc0000 - 0x00007ffe90bec000 	C:\WINDOWS\SYSTEM32\GLU32.dll
0x00007ffea3ae0000 - 0x00007ffea3b00000 	C:\WINDOWS\SYSTEM32\dxcore.dll
0x00007ffea6210000 - 0x00007ffea6345000 	C:\WINDOWS\System32\MSCTF.dll
0x00007ffea63e0000 - 0x00007ffea6536000 	C:\WINDOWS\System32\ole32.dll
0x00007ffe39ad0000 - 0x00007ffe3cc15000 	C:\Users\Franc\OneDrive\Documents\ModuleOpenCV\libs\opencv_java420.dll
0x00007ffe9eee0000 - 0x00007ffe9f0da000 	C:\WINDOWS\SYSTEM32\MFPlat.DLL
0x00007ffe91f00000 - 0x00007ffe91f82000 	C:\WINDOWS\SYSTEM32\MF.dll
0x00007ffe7b110000 - 0x00007ffe7b249000 	C:\WINDOWS\SYSTEM32\MFReadWrite.dll
0x00007ffe9fca0000 - 0x00007ffea008c000 	C:\WINDOWS\SYSTEM32\MFCORE.DLL
0x00007ffea4f30000 - 0x00007ffea5079000 	C:\WINDOWS\System32\CRYPT32.dll
0x00007ffea4e80000 - 0x00007ffea4e92000 	C:\WINDOWS\System32\MSASN1.dll
0x00007ffea5590000 - 0x00007ffea55b6000 	C:\WINDOWS\System32\bcrypt.dll
0x00007ffe9fb70000 - 0x00007ffe9fb79000 	C:\WINDOWS\SYSTEM32\ksuser.dll
0x00007ffea4850000 - 0x00007ffea485c000 	C:\WINDOWS\SYSTEM32\CRYPTBASE.DLL
0x00007ffe9ee50000 - 0x00007ffe9ee7f000 	C:\WINDOWS\SYSTEM32\RTWorkQ.DLL
0x00007ffe9e290000 - 0x00007ffe9e2c0000 	C:\WINDOWS\SYSTEM32\CompPkgSup.DLL
0x00007ffea6a90000 - 0x00007ffea6b32000 	C:\WINDOWS\System32\clbcatq.dll
0x00007ffe9dae0000 - 0x00007ffe9e244000 	C:\Windows\System32\Windows.Media.dll
0x00007ffea3ed0000 - 0x00007ffea3f01000 	C:\WINDOWS\SYSTEM32\ntmarta.dll
0x00007ffe79650000 - 0x00007ffe796a5000 	C:\Windows\System32\FSClient.dll
0x00007ffea02e0000 - 0x00007ffea033c000 	C:\Windows\System32\MFSENSORGROUP.dll
0x00007ffea3b70000 - 0x00007ffea3c5b000 	C:\Windows\System32\dxgi.dll
0x00007ffea1c60000 - 0x00007ffea1ebb000 	C:\Windows\System32\d3d11.dll
0x00007ffe9d730000 - 0x00007ffe9d80e000 	C:\Windows\System32\Windows.ApplicationModel.dll
0x00007ffea2e60000 - 0x00007ffea30ba000 	C:\Windows\System32\twinapi.appcore.dll
0x00007ffea32c0000 - 0x00007ffea32e9000 	C:\Windows\System32\RMCLIENT.dll
0x00007ffea1160000 - 0x00007ffea116a000 	C:\WINDOWS\SYSTEM32\AVRT.dll
0x00007ffe9e9a0000 - 0x00007ffe9ea80000 	C:\Windows\System32\AppXDeploymentClient.dll
0x00007ffea3e40000 - 0x00007ffea3ecc000 	C:\Windows\System32\FirewallAPI.dll
0x00007ffe9e7c0000 - 0x00007ffe9e86f000 	C:\Windows\System32\StateRepository.Core.dll
0x00007ffea43d0000 - 0x00007ffea449a000 	C:\Windows\System32\DNSAPI.dll
0x00007ffea6350000 - 0x00007ffea6358000 	C:\WINDOWS\System32\NSI.dll
0x00007ffea4390000 - 0x00007ffea43ca000 	C:\WINDOWS\SYSTEM32\IPHLPAPI.DLL
0x00007ffea3de0000 - 0x00007ffea3e0e000 	C:\Windows\System32\fwbase.dll
0x00007ffe7cbc0000 - 0x00007ffe7cbcd000 	C:\Windows\System32\vidcap.ax
0x00007ffe7be90000 - 0x00007ffe7beb6000 	C:\Windows\System32\kswdmcap.ax
0x00007ffe7bd20000 - 0x00007ffe7be82000 	C:\Windows\System32\MFC42.dll
0x00007ffe891a0000 - 0x00007ffe892d5000 	C:\Windows\System32\Windows.StateRepositoryPS.dll
0x00007ffea0920000 - 0x00007ffea0a73000 	C:\Windows\System32\WinTypes.dll
0x00007ffe61240000 - 0x00007ffe6152f000 	C:\Program Files\Intel\Media SDK\mfx_mft_mjpgvd_64.dll
0x00007ffea3920000 - 0x00007ffea3a0f000 	C:\WINDOWS\SYSTEM32\PROPSYS.dll
0x00007ffea01f0000 - 0x00007ffea020d000 	C:\Windows\System32\mfmjpegdec.dll
0x00007ffe7d930000 - 0x00007ffe7da5d000 	C:\Windows\System32\mfperfhelper.dll
0x00007ffe76650000 - 0x00007ffe767c2000 	C:\WINDOWS\System32\msvproc.dll
0x0000000073ce0000 - 0x0000000073d27000 	C:\Program Files\Java\jdk1.8.0_181\jre\bin\fontmanager.dll
0x00007ffe88910000 - 0x00007ffe889ae000 	C:\WINDOWS\System32\TextInputFramework.dll
0x00007ffea0a80000 - 0x00007ffea0daa000 	C:\WINDOWS\System32\CoreUIComponents.dll
0x00007ffea28a0000 - 0x00007ffea2974000 	C:\WINDOWS\System32\CoreMessaging.dll
0x00007ffe8c910000 - 0x00007ffe8c975000 	C:\WINDOWS\system32\Oleacc.dll
0x0000000075940000 - 0x000000007595a000 	C:\Program Files\Java\jdk1.8.0_181\jre\bin\net.dll
0x00007ffea4680000 - 0x00007ffea46e7000 	C:\WINDOWS\system32\mswsock.dll
0x00000000753d0000 - 0x00000000753e1000 	C:\Program Files\Java\jdk1.8.0_181\jre\bin\nio.dll
0x0000000073c90000 - 0x0000000073cd2000 	C:\Program Files\Java\jdk1.8.0_181\jre\bin\t2k.dll
0x00007ffe95120000 - 0x00007ffe953c6000 	C:\WINDOWS\System32\iertutil.dll
0x00007ffe937c0000 - 0x00007ffe937e4000 	C:\WINDOWS\SYSTEM32\OpenCL.dll
0x00007ffe76d20000 - 0x00007ffe76ea3000 	C:\WINDOWS\System32\DriverStore\FileRepository\ki127968.inf_amd64_37fa78421dc8eefa\IntelOpenCL64.dll
0x00007ffe6b6a0000 - 0x00007ffe6b87e000 	C:\Program Files (x86)\Common Files\Intel\OpenCL\bin\x64\intelocl64.dll
0x00007ffe8b080000 - 0x00007ffe8b12c000 	C:\Program Files (x86)\Common Files\Intel\OpenCL\bin\x64\task_executor64.dll
0x00007ffe868e0000 - 0x00007ffe869ca000 	C:\Program Files (x86)\Common Files\Intel\OpenCL\bin\x64\cpu_device64.dll
0x00007ffe59d20000 - 0x00007ffe5a1dd000 	C:\WINDOWS\System32\DriverStore\FileRepository\ki127968.inf_amd64_37fa78421dc8eefa\igdrcl64.dll
0x00007ffe752b0000 - 0x00007ffe75371000 	C:\WINDOWS\System32\DriverStore\FileRepository\ki127968.inf_amd64_37fa78421dc8eefa\igdfcl64.dll
0x00007ffe99dd0000 - 0x00007ffe9bbb0000 	C:\WINDOWS\System32\DriverStore\FileRepository\ki127968.inf_amd64_37fa78421dc8eefa\igc64.dll
0x00007ffea3720000 - 0x00007ffea3914000 	C:\WINDOWS\SYSTEM32\dbghelp.dll

VM Arguments:
jvm_args: -Dfile.encoding=windows-1252 -Duser.country=FR -Duser.language=fr -Duser.variant 
java_command: fr.pa1007.reco.Affichage
java_class_path (initial): C:\Users\Franc\OneDrive\Documents\ModuleOpenCV\build\classes\java\main;C:\Users\Franc\OneDrive\Documents\ModuleOpenCV\build\resources\main;C:\Users\Franc\OneDrive\Documents\ModuleOpenCV\libs\opencv-420.jar;C:\Users\Franc\.gradle\caches\modules-2\files-2.1\fr.pa1007\TRobotFrameWork\1.1\b5ddf10ed13c2d859fd4ada5aa6f85d1a2b767ff\TRobotFrameWork-1.1.jar;C:\Users\Franc\.gradle\caches\modules-2\files-2.1\com.pi4j\pi4j-device\1.2\51f516a376c74eb926d7dad06f80a86df0f5d886\pi4j-device-1.2.jar;C:\Users\Franc\.gradle\caches\modules-2\files-2.1\com.pi4j\pi4j-gpio-extension\1.2\33b69bbd624da4a2778305c289f5107ea8869ea2\pi4j-gpio-extension-1.2.jar;C:\Users\Franc\.gradle\caches\modules-2\files-2.1\com.pi4j\pi4j-core\1.2\5259166f896a41c72f3f3a239754b8b1b0f866c2\pi4j-core-1.2.jar;C:\Users\Franc\.gradle\caches\modules-2\files-2.1\org.apache.logging.log4j\log4j-core\2.13.0\57b8b57dac4c87696acb4b8457fd8cbf4273d40d\log4j-core-2.13.0.jar;C:\Users\Franc\.gradle\caches\modules-2\files-2.1\com.google.code.gson\gson\2.7\751f548c85fa49f330cecbb1875893f971b33c4e\gson-2.7.jar;C:\Users\Franc\.gradle\caches\modules-2\files-2.1\org.apache.logging.log4j\log4j-api\2.13.0\adaee84c60e0705cf39df8b9fedfab100d3faf2\log4j-api-2.13.0.jar
Launcher Type: SUN_STANDARD

Environment Variables:
PATH=C:\oraclexe\app\oracle\product\11.2.0\server\bin;C:\Program Files (x86)\Intel\Intel(R) Management Engine Components\iCLS\;C:\Program Files\Intel\Intel(R) Management Engine Components\iCLS\;C:\Program Files (x86)\Common Files\Oracle\Java\javapath;C:\WINDOWS\system32;C:\WINDOWS;C:\WINDOWS\System32\Wbem;C:\WINDOWS\System32\WindowsPowerShell\v1.0\;C:\Program Files\Java\jdk1.8.0_181\bin;C:\Program Files (x86)\Intel\Intel(R) Management Engine Components\DAL;C:\Program Files\Intel\Intel(R) Management Engine Components\DAL;C:\Program Files (x86)\Intel\Intel(R) Management Engine Components\IPT;C:\Program Files\Intel\Intel(R) Management Engine Components\IPT;C:\WINDOWS\System32\OpenSSH\;C:\Program Files\Git\cmd;C:\Program Files\Intel\WiFi\bin\;C:\Program Files\Common Files\Intel\WirelessCommon\;C:\Program Files\Gource\cmd;C:\php;C:\ProgramData\ComposerSetup\bin;C:\Program Files\nodejs\;C:\Users\Franc\AppData\Local\Microsoft\WindowsApps;C:\Users\Franc\AppData\Local\atom\bin;C:\Program Files\Intel\WiFi\bin\;C:\Program Files\Common Files\Intel\WirelessCommon\;C:\Users\Franc\AppData\Local\Microsoft\WindowsApps;C:\php\php.exe;C:\Users\Franc\AppData\Roaming\Composer\vendor\bin;C:\Users\Franc\AppData\Roaming\npm
USERNAME=Franc
OS=Windows_NT
PROCESSOR_IDENTIFIER=Intel64 Family 6 Model 142 Stepping 10, GenuineIntel



---------------  S Y S T E M  ---------------

OS: Windows 10.0 , 64 bit Build 18362 (10.0.18362.329)

CPU:total 8 (initial active 8) (4 cores per cpu, 2 threads per core) family 6 model 142 stepping 10, cmov, cx8, fxsr, mmx, sse, sse2, sse3, ssse3, sse4.1, sse4.2, popcnt, avx, avx2, aes, clmul, erms, 3dnowpref, lzcnt, ht, tsc, tscinvbit, bmi1, bmi2, adx

Memory: 4k page, physical 8226392k(1277856k free), swap 16294884k(2177704k free)

vm_info: Java HotSpot(TM) 64-Bit Server VM (25.181-b13) for windows-amd64 JRE (1.8.0_181-b13), built on Jul  7 2018 04:01:33 by "java_re" with MS VC++ 10.0 (VS2010)

time: Thu Mar 05 13:17:37 2020
elapsed time: 101 seconds (0d 0h 1m 41s)

