#
# A fatal error has been detected by the Java Runtime Environment:
#
#  EXCEPTION_ACCESS_VIOLATION (0xc0000005) at pc=0x00007ffe59db45b0, pid=16608, tid=0x000000000000347c
#
# JRE version: Java(TM) SE Runtime Environment (8.0_181-b13) (build 1.8.0_181-b13)
# Java VM: Java HotSpot(TM) 64-Bit Server VM (25.181-b13 mixed mode windows-amd64 compressed oops)
# Problematic frame:
# C  [igdrcl64.dll+0x945b0]
#
# Failed to write core dump. Minidumps are not enabled by default on client versions of Windows
#
# If you would like to submit a bug report, please visit:
#   http://bugreport.java.com/bugreport/crash.jsp
#

---------------  T H R E A D  ---------------

Current thread (0x0000000017059800):  VMThread [stack: 0x0000000018d40000,0x0000000018e40000] [id=13436]

siginfo: ExceptionCode=0xc0000005, reading address 0x0000000000000000

Registers:
RAX=0x000000001c2b6e50, RBX=0x00007ffe59db4590, RCX=0x000000001c4b1e00, RDX=0x0000000000000000
RSP=0x0000000018e3efe0, RBP=0x0000000000000000, RSI=0x0000000000000000, RDI=0x000000001c4b1e00
R8 =0x000000000000003d, R9 =0x000000000000003d, R10=0x000000000000003b, R11=0x0000000018e3f020
R12=0x00007ffea8106120, R13=0x00007ffea8106168, R14=0x00007ffe3c9e5130, R15=0x00007ffe3b12ba70
RIP=0x00007ffe59db45b0, EFLAGS=0x0000000000010202

Top of Stack: (sp=0x0000000018e3efe0)
0x0000000018e3efe0:   0000000000000000 0000000000000001
0x0000000018e3eff0:   0000000000000065 00000000007b0000
0x0000000018e3f000:   000000001c4b1e00 00007ffe59d3917e
0x0000000018e3f010:   00007ffe59db4590 0000000000471390
0x0000000018e3f020:   0000000000000000 00007ffe937c2b4f
0x0000000018e3f030:   fffffffffffffffe 0000000000000000
0x0000000018e3f040:   000085522f65b7db 00007ffe3c9e7770
0x0000000018e3f050:   0000000000000001 00007ffe3b2465ae
0x0000000018e3f060:   0000000023039670 0000000023039670
0x0000000018e3f070:   0000000000000065 00007ffe3bda9833
0x0000000018e3f080:   00007ffe3c9e77d0 00007ffe3b131fdf
0x0000000018e3f090:   0000000000000000 0000000023039670
0x0000000018e3f0a0:   0000000000000000 00007ffe3bda9c9b
0x0000000018e3f0b0:   00007ffe00000000 00007ffe3b266315
0x0000000018e3f0c0:   0000f57265d12a77 00007ffea7fe083d
0x0000000018e3f0d0:   0000000000000001 00007ffe3b246890 

Instructions: (pc=0x00007ffe59db45b0)
0x00007ffe59db4590:   48 89 5c 24 08 48 89 74 24 10 57 48 83 ec 20 48
0x00007ffe59db45a0:   8b 81 f8 00 00 00 48 8b f9 48 8b b0 f0 03 00 00
0x00007ffe59db45b0:   48 8b 06 48 8b 58 18 48 8b cb ff 15 c0 2f 1c 00
0x00007ffe59db45c0:   48 8b ce ff d3 48 8b cf e8 a3 1d fc ff 84 c0 75 


Register to memory mapping:

RAX=0x000000001c2b6e50 is an unknown value
RBX=0x00007ffe59db4590 is an unknown value
RCX=0x000000001c4b1e00 is an unknown value
RDX=0x0000000000000000 is an unknown value
RSP=0x0000000018e3efe0 is an unknown value
RBP=0x0000000000000000 is an unknown value
RSI=0x0000000000000000 is an unknown value
RDI=0x000000001c4b1e00 is an unknown value
R8 =0x000000000000003d is an unknown value
R9 =0x000000000000003d is an unknown value
R10=0x000000000000003b is an unknown value
R11=0x0000000018e3f020 is an unknown value
R12=0x00007ffea8106120 is an unknown value
R13=0x00007ffea8106168 is an unknown value
R14=0x00007ffe3c9e5130 is an unknown value
R15=0x00007ffe3b12ba70 is an unknown value


Stack: [0x0000000018d40000,0x0000000018e40000],  sp=0x0000000018e3efe0,  free space=1019k
Native frames: (J=compiled Java code, j=interpreted, Vv=VM code, C=native code)

VM_Operation (0x000000002318cf60): Exit, mode: safepoint, requested by thread 0x0000000019f7b000


---------------  P R O C E S S  ---------------

Java Threads: ( => current thread )
  0x0000000019f7b000 JavaThread "AWT-EventQueue-0" [_thread_blocked, id=16496, stack(0x0000000023090000,0x0000000023190000)]
  0x0000000019ef5800 JavaThread "AWT-Shutdown" [_thread_blocked, id=16896, stack(0x00000000226c0000,0x00000000227c0000)]
  0x0000000019ef4800 JavaThread "Java2D Disposer" daemon [_thread_blocked, id=9788, stack(0x000000001a6e0000,0x000000001a7e0000)]
  0x0000000018ffa000 JavaThread "Service Thread" daemon [_thread_blocked, id=19868, stack(0x0000000019b70000,0x0000000019c70000)]
  0x0000000018f7c000 JavaThread "C1 CompilerThread3" daemon [_thread_blocked, id=3732, stack(0x0000000019a70000,0x0000000019b70000)]
  0x0000000018f71800 JavaThread "C2 CompilerThread2" daemon [_thread_blocked, id=20012, stack(0x0000000019970000,0x0000000019a70000)]
  0x0000000018f6e800 JavaThread "C2 CompilerThread1" daemon [_thread_blocked, id=2568, stack(0x0000000019870000,0x0000000019970000)]
  0x0000000018f6a800 JavaThread "C2 CompilerThread0" daemon [_thread_blocked, id=19488, stack(0x0000000019770000,0x0000000019870000)]
  0x0000000018f68800 JavaThread "Attach Listener" daemon [_thread_blocked, id=9440, stack(0x0000000019670000,0x0000000019770000)]
  0x000000001706e800 JavaThread "Signal Dispatcher" daemon [_thread_blocked, id=18612, stack(0x0000000019570000,0x0000000019670000)]
  0x0000000018f60800 JavaThread "Finalizer" daemon [_thread_blocked, id=11864, stack(0x0000000019340000,0x0000000019440000)]
  0x0000000002068000 JavaThread "Reference Handler" daemon [_thread_blocked, id=17476, stack(0x0000000018e40000,0x0000000018f40000)]
  0x0000000001f72800 JavaThread "main" [_thread_blocked, id=3104, stack(0x0000000001e50000,0x0000000001f50000)]

Other Threads:
=>0x0000000017059800 VMThread [stack: 0x0000000018d40000,0x0000000018e40000] [id=13436]

VM state:at safepoint (shutting down)

VM Mutex/Monitor currently owned by a thread:  ([mutex/lock_event])
[0x000000000215db00] Threads_lock - owner thread: 0x0000000017059800

Heap:
 PSYoungGen      total 27136K, used 10798K [0x00000000d6200000, 0x00000000d8480000, 0x0000000100000000)
  eden space 24064K, 32% used [0x00000000d6200000,0x00000000d69b8928,0x00000000d7980000)
  from space 3072K, 94% used [0x00000000d7980000,0x00000000d7c53030,0x00000000d7c80000)
  to   space 5632K, 0% used [0x00000000d7f00000,0x00000000d7f00000,0x00000000d8480000)
 ParOldGen       total 86016K, used 32170K [0x0000000082600000, 0x0000000087a00000, 0x00000000d6200000)
  object space 86016K, 37% used [0x0000000082600000,0x000000008456a850,0x0000000087a00000)
 Metaspace       used 10565K, capacity 10788K, committed 11008K, reserved 1058816K
  class space    used 1154K, capacity 1226K, committed 1280K, reserved 1048576K

Card table byte_map: [0x0000000011520000,0x0000000011910000] byte_map_base: 0x000000001110d000

Marking Bits: (ParMarkBitMap*) 0x0000000073802d00
 Begin Bits: [0x00000000123b0000, 0x0000000014318000)
 End Bits:   [0x0000000014318000, 0x0000000016280000)

Polling page: 0x0000000000430000

CodeCache: size=245760Kb used=4124Kb max_used=4124Kb free=241635Kb
 bounds [0x0000000002160000, 0x0000000002570000, 0x0000000011160000]
 total_blobs=1904 nmethods=1176 adapters=640
 compilation: enabled

Compilation events (10 events):
Event: 24.085 Thread 0x0000000018f7c000 1171       3       sun.awt.SunToolkit::postEvent (157 bytes)
Event: 24.087 Thread 0x0000000018f7c000 nmethod 1171 0x0000000002562510 code [0x00000000025628c0, 0x0000000002564e08]
Event: 24.088 Thread 0x0000000018f7c000 1172       3       sun.awt.SunToolkit::getSystemEventQueueImplPP (13 bytes)
Event: 24.089 Thread 0x0000000018f7c000 nmethod 1172 0x0000000002565e50 code [0x0000000002565fc0, 0x00000000025662a8]
Event: 24.101 Thread 0x0000000018f7c000 1173       3       java.awt.EventQueue$4::run (5 bytes)
Event: 24.102 Thread 0x0000000018f7c000 nmethod 1173 0x0000000002566390 code [0x0000000002566580, 0x0000000002566c38]
Event: 24.102 Thread 0x0000000018f7c000 1175       3       java.awt.Component::getCursor_NoClientCode (30 bytes)
Event: 24.102 Thread 0x0000000018f7c000 nmethod 1175 0x00000000025670d0 code [0x0000000002567260, 0x00000000025676c8]
Event: 24.102 Thread 0x0000000018f7c000 1174       3       java.awt.EventQueue$4::run (19 bytes)
Event: 24.102 Thread 0x0000000018f7c000 nmethod 1174 0x0000000002567850 code [0x0000000002567a40, 0x0000000002568078]

GC Heap History (10 events):
Event: 22.015 GC heap before
{Heap before GC invocations=31 (full 0):
 PSYoungGen      total 30720K, used 26793K [0x00000000d6200000, 0x00000000d8680000, 0x0000000100000000)
  eden space 24064K, 99% used [0x00000000d6200000,0x00000000d795f638,0x00000000d7980000)
  from space 6656K, 42% used [0x00000000d8000000,0x00000000d82cb030,0x00000000d8680000)
  to   space 6656K, 0% used [0x00000000d7980000,0x00000000d7980000,0x00000000d8000000)
 ParOldGen       total 86016K, used 32002K [0x0000000082600000, 0x0000000087a00000, 0x00000000d6200000)
  object space 86016K, 37% used [0x0000000082600000,0x0000000084540850,0x0000000087a00000)
 Metaspace       used 10506K, capacity 10788K, committed 11008K, reserved 1058816K
  class space    used 1149K, capacity 1226K, committed 1280K, reserved 1048576K
Event: 22.016 GC heap after
Heap after GC invocations=31 (full 0):
 PSYoungGen      total 27136K, used 2924K [0x00000000d6200000, 0x00000000d8580000, 0x0000000100000000)
  eden space 24064K, 0% used [0x00000000d6200000,0x00000000d6200000,0x00000000d7980000)
  from space 3072K, 95% used [0x00000000d7980000,0x00000000d7c5b030,0x00000000d7c80000)
  to   space 6144K, 0% used [0x00000000d7f80000,0x00000000d7f80000,0x00000000d8580000)
 ParOldGen       total 86016K, used 32026K [0x0000000082600000, 0x0000000087a00000, 0x00000000d6200000)
  object space 86016K, 37% used [0x0000000082600000,0x0000000084546850,0x0000000087a00000)
 Metaspace       used 10506K, capacity 10788K, committed 11008K, reserved 1058816K
  class space    used 1149K, capacity 1226K, committed 1280K, reserved 1048576K
}
Event: 22.619 GC heap before
{Heap before GC invocations=32 (full 0):
 PSYoungGen      total 27136K, used 26857K [0x00000000d6200000, 0x00000000d8580000, 0x0000000100000000)
  eden space 24064K, 99% used [0x00000000d6200000,0x00000000d795f7a8,0x00000000d7980000)
  from space 3072K, 95% used [0x00000000d7980000,0x00000000d7c5b030,0x00000000d7c80000)
  to   space 6144K, 0% used [0x00000000d7f80000,0x00000000d7f80000,0x00000000d8580000)
 ParOldGen       total 86016K, used 32026K [0x0000000082600000, 0x0000000087a00000, 0x00000000d6200000)
  object space 86016K, 37% used [0x0000000082600000,0x0000000084546850,0x0000000087a00000)
 Metaspace       used 10506K, capacity 10788K, committed 11008K, reserved 1058816K
  class space    used 1149K, capacity 1226K, committed 1280K, reserved 1048576K
Event: 22.620 GC heap after
Heap after GC invocations=32 (full 0):
 PSYoungGen      total 30208K, used 2860K [0x00000000d6200000, 0x00000000d8580000, 0x0000000100000000)
  eden space 24064K, 0% used [0x00000000d6200000,0x00000000d6200000,0x00000000d7980000)
  from space 6144K, 46% used [0x00000000d7f80000,0x00000000d824b030,0x00000000d8580000)
  to   space 6144K, 0% used [0x00000000d7980000,0x00000000d7980000,0x00000000d7f80000)
 ParOldGen       total 86016K, used 32034K [0x0000000082600000, 0x0000000087a00000, 0x00000000d6200000)
  object space 86016K, 37% used [0x0000000082600000,0x0000000084548850,0x0000000087a00000)
 Metaspace       used 10506K, capacity 10788K, committed 11008K, reserved 1058816K
  class space    used 1149K, capacity 1226K, committed 1280K, reserved 1048576K
}
Event: 23.154 GC heap before
{Heap before GC invocations=33 (full 0):
 PSYoungGen      total 30208K, used 26796K [0x00000000d6200000, 0x00000000d8580000, 0x0000000100000000)
  eden space 24064K, 99% used [0x00000000d6200000,0x00000000d7960368,0x00000000d7980000)
  from space 6144K, 46% used [0x00000000d7f80000,0x00000000d824b030,0x00000000d8580000)
  to   space 6144K, 0% used [0x00000000d7980000,0x00000000d7980000,0x00000000d7f80000)
 ParOldGen       total 86016K, used 32034K [0x0000000082600000, 0x0000000087a00000, 0x00000000d6200000)
  object space 86016K, 37% used [0x0000000082600000,0x0000000084548850,0x0000000087a00000)
 Metaspace       used 10515K, capacity 10788K, committed 11008K, reserved 1058816K
  class space    used 1149K, capacity 1226K, committed 1280K, reserved 1048576K
Event: 23.155 GC heap after
Heap after GC invocations=33 (full 0):
 PSYoungGen      total 30208K, used 2892K [0x00000000d6200000, 0x00000000d8580000, 0x0000000100000000)
  eden space 24064K, 0% used [0x00000000d6200000,0x00000000d6200000,0x00000000d7980000)
  from space 6144K, 47% used [0x00000000d7980000,0x00000000d7c53030,0x00000000d7f80000)
  to   space 6144K, 0% used [0x00000000d7f80000,0x00000000d7f80000,0x00000000d8580000)
 ParOldGen       total 86016K, used 32066K [0x0000000082600000, 0x0000000087a00000, 0x00000000d6200000)
  object space 86016K, 37% used [0x0000000082600000,0x0000000084550850,0x0000000087a00000)
 Metaspace       used 10515K, capacity 10788K, committed 11008K, reserved 1058816K
  class space    used 1149K, capacity 1226K, committed 1280K, reserved 1048576K
}
Event: 23.680 GC heap before
{Heap before GC invocations=34 (full 0):
 PSYoungGen      total 30208K, used 26107K [0x00000000d6200000, 0x00000000d8580000, 0x0000000100000000)
  eden space 24064K, 96% used [0x00000000d6200000,0x00000000d78abcf8,0x00000000d7980000)
  from space 6144K, 47% used [0x00000000d7980000,0x00000000d7c53030,0x00000000d7f80000)
  to   space 6144K, 0% used [0x00000000d7f80000,0x00000000d7f80000,0x00000000d8580000)
 ParOldGen       total 86016K, used 32066K [0x0000000082600000, 0x0000000087a00000, 0x00000000d6200000)
  object space 86016K, 37% used [0x0000000082600000,0x0000000084550850,0x0000000087a00000)
 Metaspace       used 10543K, capacity 10788K, committed 11008K, reserved 1058816K
  class space    used 1154K, capacity 1226K, committed 1280K, reserved 1048576K
Event: 23.681 GC heap after
Heap after GC invocations=34 (full 0):
 PSYoungGen      total 30208K, used 3888K [0x00000000d6200000, 0x00000000d8580000, 0x0000000100000000)
  eden space 24064K, 0% used [0x00000000d6200000,0x00000000d6200000,0x00000000d7980000)
  from space 6144K, 63% used [0x00000000d7f80000,0x00000000d834c040,0x00000000d8580000)
  to   space 6144K, 0% used [0x00000000d7980000,0x00000000d7980000,0x00000000d7f80000)
 ParOldGen       total 86016K, used 32098K [0x0000000082600000, 0x0000000087a00000, 0x00000000d6200000)
  object space 86016K, 37% used [0x0000000082600000,0x0000000084558850,0x0000000087a00000)
 Metaspace       used 10543K, capacity 10788K, committed 11008K, reserved 1058816K
  class space    used 1154K, capacity 1226K, committed 1280K, reserved 1048576K
}
Event: 24.707 GC heap before
{Heap before GC invocations=35 (full 0):
 PSYoungGen      total 30208K, used 27076K [0x00000000d6200000, 0x00000000d8580000, 0x0000000100000000)
  eden space 24064K, 96% used [0x00000000d6200000,0x00000000d78a5330,0x00000000d7980000)
  from space 6144K, 63% used [0x00000000d7f80000,0x00000000d834c040,0x00000000d8580000)
  to   space 6144K, 0% used [0x00000000d7980000,0x00000000d7980000,0x00000000d7f80000)
 ParOldGen       total 86016K, used 32098K [0x0000000082600000, 0x0000000087a00000, 0x00000000d6200000)
  object space 86016K, 37% used [0x0000000082600000,0x0000000084558850,0x0000000087a00000)
 Metaspace       used 10564K, capacity 10788K, committed 11008K, reserved 1058816K
  class space    used 1154K, capacity 1226K, committed 1280K, reserved 1048576K
Event: 24.709 GC heap after
Heap after GC invocations=35 (full 0):
 PSYoungGen      total 27136K, used 2892K [0x00000000d6200000, 0x00000000d8480000, 0x0000000100000000)
  eden space 24064K, 0% used [0x00000000d6200000,0x00000000d6200000,0x00000000d7980000)
  from space 3072K, 94% used [0x00000000d7980000,0x00000000d7c53030,0x00000000d7c80000)
  to   space 5632K, 0% used [0x00000000d7f00000,0x00000000d7f00000,0x00000000d8480000)
 ParOldGen       total 86016K, used 32170K [0x0000000082600000, 0x0000000087a00000, 0x00000000d6200000)
  object space 86016K, 37% used [0x0000000082600000,0x000000008456a850,0x0000000087a00000)
 Metaspace       used 10564K, capacity 10788K, committed 11008K, reserved 1058816K
  class space    used 1154K, capacity 1226K, committed 1280K, reserved 1048576K
}

Deoptimization events (5 events):
Event: 0.196 Thread 0x0000000001f72800 Uncommon trap: reason=null_check action=make_not_entrant pc=0x00000000022ca920 method=java.lang.String.equals(Ljava/lang/Object;)Z @ 8
Event: 3.274 Thread 0x0000000019f7b000 Uncommon trap: reason=class_check action=maybe_recompile pc=0x00000000022e6460 method=java.lang.String.equals(Ljava/lang/Object;)Z @ 8
Event: 3.283 Thread 0x0000000019f7b000 Uncommon trap: reason=class_check action=maybe_recompile pc=0x00000000022e6460 method=java.lang.String.equals(Ljava/lang/Object;)Z @ 8
Event: 3.284 Thread 0x0000000019f7b000 Uncommon trap: reason=class_check action=maybe_recompile pc=0x00000000022e6460 method=java.lang.String.equals(Ljava/lang/Object;)Z @ 8
Event: 3.286 Thread 0x0000000019f7b000 Uncommon trap: reason=class_check action=maybe_recompile pc=0x00000000022e6460 method=java.lang.String.equals(Ljava/lang/Object;)Z @ 8

Classes redefined (0 events):
No events

Internal exceptions (10 events):
Event: 0.103 Thread 0x0000000001f72800 Exception <a 'java/security/PrivilegedActionException'> (0x00000000d6289b60) thrown at [C:\re\workspace\8-2-build-windows-amd64-cygwin\jdk8u181\11358\hotspot\src\share\vm\prims\jvm.cpp, line 1435]
Event: 0.104 Thread 0x0000000001f72800 Exception <a 'java/security/PrivilegedActionException'> (0x00000000d628da70) thrown at [C:\re\workspace\8-2-build-windows-amd64-cygwin\jdk8u181\11358\hotspot\src\share\vm\prims\jvm.cpp, line 1435]
Event: 0.104 Thread 0x0000000001f72800 Exception <a 'java/security/PrivilegedActionException'> (0x00000000d628dc80) thrown at [C:\re\workspace\8-2-build-windows-amd64-cygwin\jdk8u181\11358\hotspot\src\share\vm\prims\jvm.cpp, line 1435]
Event: 0.109 Thread 0x0000000001f72800 Exception <a 'java/io/FileNotFoundException'> (0x00000000d6290858) thrown at [C:\re\workspace\8-2-build-windows-amd64-cygwin\jdk8u181\11358\hotspot\src\share\vm\prims\jni.cpp, line 709]
Event: 0.136 Thread 0x0000000001f72800 Exception <a 'java/lang/NoSuchFieldError': method resolution failed> (0x00000000d6405158) thrown at [C:\re\workspace\8-2-build-windows-amd64-cygwin\jdk8u181\11358\hotspot\src\share\vm\prims\methodHandles.cpp, line 1167]
Event: 0.137 Thread 0x0000000001f72800 Exception <a 'java/lang/NoSuchFieldError': method resolution failed> (0x00000000d6412528) thrown at [C:\re\workspace\8-2-build-windows-amd64-cygwin\jdk8u181\11358\hotspot\src\share\vm\prims\methodHandles.cpp, line 1167]
Event: 0.170 Thread 0x0000000001f72800 Exception <a 'java/io/FileNotFoundException'> (0x00000000d64abcf0) thrown at [C:\re\workspace\8-2-build-windows-amd64-cygwin\jdk8u181\11358\hotspot\src\share\vm\prims\jni.cpp, line 709]
Event: 0.196 Thread 0x0000000001f72800 Implicit null exception at 0x00000000022ca762 to 0x00000000022ca911
Event: 0.212 Thread 0x0000000001f72800 Exception <a 'java/security/PrivilegedActionException'> (0x00000000d65e1228) thrown at [C:\re\workspace\8-2-build-windows-amd64-cygwin\jdk8u181\11358\hotspot\src\share\vm\prims\jvm.cpp, line 1435]
Event: 0.212 Thread 0x0000000001f72800 Exception <a 'java/security/PrivilegedActionException'> (0x00000000d65e1438) thrown at [C:\re\workspace\8-2-build-windows-amd64-cygwin\jdk8u181\11358\hotspot\src\share\vm\prims\jvm.cpp, line 1435]

Events (10 events):
Event: 23.680 Executing VM operation: ParallelGCFailedAllocation
Event: 23.681 Executing VM operation: ParallelGCFailedAllocation done
Event: 24.707 Executing VM operation: ParallelGCFailedAllocation
Event: 24.709 Executing VM operation: ParallelGCFailedAllocation done
Event: 24.818 Thread 0x000000001922c800 Thread added: 0x000000001922c800
Event: 24.818 Thread 0x000000001922d800 Thread added: 0x000000001922d800
Event: 24.834 Thread 0x000000001922c800 Thread exited: 0x000000001922c800
Event: 24.850 Thread 0x0000000019ef6000 Thread exited: 0x0000000019ef6000
Event: 24.944 Thread 0x000000001922d800 Thread exited: 0x000000001922d800
Event: 24.949 Executing VM operation: Exit


Dynamic libraries:
0x00007ff66d2e0000 - 0x00007ff66d317000 	C:\Program Files\Java\jdk1.8.0_181\bin\java.exe
0x00007ffea7fa0000 - 0x00007ffea8190000 	C:\WINDOWS\SYSTEM32\ntdll.dll
0x00007ffe8dc70000 - 0x00007ffe8dc85000 	C:\Program Files\AVAST Software\Avast\aswhook.dll
0x00007ffea6930000 - 0x00007ffea69e2000 	C:\WINDOWS\System32\KERNEL32.DLL
0x00007ffea5100000 - 0x00007ffea53a3000 	C:\WINDOWS\System32\KERNELBASE.dll
0x00007ffea6540000 - 0x00007ffea65e3000 	C:\WINDOWS\System32\ADVAPI32.dll
0x00007ffea69f0000 - 0x00007ffea6a8e000 	C:\WINDOWS\System32\msvcrt.dll
0x00007ffea7ec0000 - 0x00007ffea7f57000 	C:\WINDOWS\System32\sechost.dll
0x00007ffea6c70000 - 0x00007ffea6d90000 	C:\WINDOWS\System32\RPCRT4.dll
0x00007ffea7d20000 - 0x00007ffea7eb4000 	C:\WINDOWS\System32\USER32.dll
0x00007ffea53b0000 - 0x00007ffea53d1000 	C:\WINDOWS\System32\win32u.dll
0x00007ffea6120000 - 0x00007ffea6146000 	C:\WINDOWS\System32\GDI32.dll
0x00007ffea5e00000 - 0x00007ffea5f94000 	C:\WINDOWS\System32\gdi32full.dll
0x00007ffea55e0000 - 0x00007ffea567e000 	C:\WINDOWS\System32\msvcp_win.dll
0x00007ffea53e0000 - 0x00007ffea54da000 	C:\WINDOWS\System32\ucrtbase.dll
0x00007ffe8b1d0000 - 0x00007ffe8b455000 	C:\WINDOWS\WinSxS\amd64_microsoft.windows.common-controls_6595b64144ccf1df_6.0.18362.657_none_e6c5b579130e3898\COMCTL32.dll
0x00007ffea65f0000 - 0x00007ffea6926000 	C:\WINDOWS\System32\combase.dll
0x00007ffea5080000 - 0x00007ffea5100000 	C:\WINDOWS\System32\bcryptPrimitives.dll
0x00007ffea61e0000 - 0x00007ffea620e000 	C:\WINDOWS\System32\IMM32.DLL
0x00000000759c0000 - 0x0000000075a92000 	C:\Program Files\Java\jdk1.8.0_181\jre\bin\msvcr100.dll
0x0000000072fe0000 - 0x0000000073882000 	C:\Program Files\Java\jdk1.8.0_181\jre\bin\server\jvm.dll
0x00007ffea61d0000 - 0x00007ffea61d8000 	C:\WINDOWS\System32\PSAPI.DLL
0x00007ffe8dd00000 - 0x00007ffe8dd09000 	C:\WINDOWS\SYSTEM32\WSOCK32.dll
0x00007ffea6b40000 - 0x00007ffea6baf000 	C:\WINDOWS\System32\WS2_32.dll
0x00007ffea2980000 - 0x00007ffea29a4000 	C:\WINDOWS\SYSTEM32\WINMM.dll
0x00007ffe99a90000 - 0x00007ffe99a9a000 	C:\WINDOWS\SYSTEM32\VERSION.dll
0x00007ffea2500000 - 0x00007ffea252d000 	C:\WINDOWS\SYSTEM32\WINMMBASE.dll
0x00007ffea5540000 - 0x00007ffea558a000 	C:\WINDOWS\System32\cfgmgr32.dll
0x00000000759b0000 - 0x00000000759bf000 	C:\Program Files\Java\jdk1.8.0_181\jre\bin\verify.dll
0x0000000075980000 - 0x00000000759a9000 	C:\Program Files\Java\jdk1.8.0_181\jre\bin\java.dll
0x0000000075960000 - 0x0000000075976000 	C:\Program Files\Java\jdk1.8.0_181\jre\bin\zip.dll
0x00007ffea6d90000 - 0x00007ffea7475000 	C:\WINDOWS\System32\SHELL32.dll
0x00007ffea7c50000 - 0x00007ffea7cf9000 	C:\WINDOWS\System32\shcore.dll
0x00007ffea5680000 - 0x00007ffea5dff000 	C:\WINDOWS\System32\windows.storage.dll
0x00007ffea4ec0000 - 0x00007ffea4edf000 	C:\WINDOWS\System32\profapi.dll
0x00007ffea4ee0000 - 0x00007ffea4f2a000 	C:\WINDOWS\System32\powrprof.dll
0x00007ffea4e70000 - 0x00007ffea4e80000 	C:\WINDOWS\System32\UMPDC.dll
0x00007ffea7bf0000 - 0x00007ffea7c42000 	C:\WINDOWS\System32\shlwapi.dll
0x00007ffea4ea0000 - 0x00007ffea4eb1000 	C:\WINDOWS\System32\kernel.appcore.dll
0x00007ffea55c0000 - 0x00007ffea55d7000 	C:\WINDOWS\System32\cryptsp.dll
0x0000000073d30000 - 0x0000000073ec9000 	C:\Program Files\Java\jdk1.8.0_181\jre\bin\awt.dll
0x00007ffea6050000 - 0x00007ffea6114000 	C:\WINDOWS\System32\OLEAUT32.dll
0x00007ffea2bf0000 - 0x00007ffea2c7f000 	C:\WINDOWS\SYSTEM32\apphelp.dll
0x00007ffea31b0000 - 0x00007ffea31dd000 	C:\WINDOWS\system32\DWMAPI.DLL
0x00007ffea2d90000 - 0x00007ffea2e29000 	C:\WINDOWS\system32\uxtheme.dll
0x00007ffe86f60000 - 0x00007ffe870b6000 	C:\WINDOWS\system32\opengl32.dll
0x00007ffe90bc0000 - 0x00007ffe90bec000 	C:\WINDOWS\SYSTEM32\GLU32.dll
0x00007ffea3ae0000 - 0x00007ffea3b00000 	C:\WINDOWS\SYSTEM32\dxcore.dll
0x00007ffea6210000 - 0x00007ffea6345000 	C:\WINDOWS\System32\MSCTF.dll
0x00007ffea63e0000 - 0x00007ffea6536000 	C:\WINDOWS\System32\ole32.dll
0x00007ffe39ad0000 - 0x00007ffe3cc15000 	C:\Users\Franc\OneDrive\Documents\ModuleOpenCV\libs\opencv_java420.dll
0x00007ffe9eee0000 - 0x00007ffe9f0da000 	C:\WINDOWS\SYSTEM32\MFPlat.DLL
0x00007ffe91f00000 - 0x00007ffe91f82000 	C:\WINDOWS\SYSTEM32\MF.dll
0x00007ffe7b110000 - 0x00007ffe7b249000 	C:\WINDOWS\SYSTEM32\MFReadWrite.dll
0x00007ffe9fca0000 - 0x00007ffea008c000 	C:\WINDOWS\SYSTEM32\MFCORE.DLL
0x00007ffea4f30000 - 0x00007ffea5079000 	C:\WINDOWS\System32\CRYPT32.dll
0x00007ffea4e80000 - 0x00007ffea4e92000 	C:\WINDOWS\System32\MSASN1.dll
0x00007ffea5590000 - 0x00007ffea55b6000 	C:\WINDOWS\System32\bcrypt.dll
0x00007ffe9fb70000 - 0x00007ffe9fb79000 	C:\WINDOWS\SYSTEM32\ksuser.dll
0x00007ffea4850000 - 0x00007ffea485c000 	C:\WINDOWS\SYSTEM32\CRYPTBASE.DLL
0x00007ffe9ee50000 - 0x00007ffe9ee7f000 	C:\WINDOWS\SYSTEM32\RTWorkQ.DLL
0x00007ffe9e290000 - 0x00007ffe9e2c0000 	C:\WINDOWS\SYSTEM32\CompPkgSup.DLL
0x00007ffea6a90000 - 0x00007ffea6b32000 	C:\WINDOWS\System32\clbcatq.dll
0x00007ffe9dae0000 - 0x00007ffe9e244000 	C:\Windows\System32\Windows.Media.dll
0x00007ffea3ed0000 - 0x00007ffea3f01000 	C:\WINDOWS\SYSTEM32\ntmarta.dll
0x00007ffe79650000 - 0x00007ffe796a5000 	C:\Windows\System32\FSClient.dll
0x00007ffea02e0000 - 0x00007ffea033c000 	C:\Windows\System32\MFSENSORGROUP.dll
0x00007ffea3b70000 - 0x00007ffea3c5b000 	C:\Windows\System32\dxgi.dll
0x00007ffea1c60000 - 0x00007ffea1ebb000 	C:\Windows\System32\d3d11.dll
0x00007ffe9d730000 - 0x00007ffe9d80e000 	C:\Windows\System32\Windows.ApplicationModel.dll
0x00007ffea2e60000 - 0x00007ffea30ba000 	C:\Windows\System32\twinapi.appcore.dll
0x00007ffea32c0000 - 0x00007ffea32e9000 	C:\Windows\System32\RMCLIENT.dll
0x00007ffea1160000 - 0x00007ffea116a000 	C:\WINDOWS\SYSTEM32\AVRT.dll
0x00007ffe9e9a0000 - 0x00007ffe9ea80000 	C:\Windows\System32\AppXDeploymentClient.dll
0x00007ffea3e40000 - 0x00007ffea3ecc000 	C:\Windows\System32\FirewallAPI.dll
0x00007ffe9e7c0000 - 0x00007ffe9e86f000 	C:\Windows\System32\StateRepository.Core.dll
0x00007ffea43d0000 - 0x00007ffea449a000 	C:\Windows\System32\DNSAPI.dll
0x00007ffea6350000 - 0x00007ffea6358000 	C:\WINDOWS\System32\NSI.dll
0x00007ffea4390000 - 0x00007ffea43ca000 	C:\WINDOWS\SYSTEM32\IPHLPAPI.DLL
0x00007ffea3de0000 - 0x00007ffea3e0e000 	C:\Windows\System32\fwbase.dll
0x00007ffe7cbc0000 - 0x00007ffe7cbcd000 	C:\Windows\System32\vidcap.ax
0x00007ffe7be90000 - 0x00007ffe7beb6000 	C:\Windows\System32\kswdmcap.ax
0x00007ffe7bd20000 - 0x00007ffe7be82000 	C:\Windows\System32\MFC42.dll
0x00007ffe891a0000 - 0x00007ffe892d5000 	C:\Windows\System32\Windows.StateRepositoryPS.dll
0x00007ffea0920000 - 0x00007ffea0a73000 	C:\Windows\System32\WinTypes.dll
0x00007ffe61240000 - 0x00007ffe6152f000 	C:\Program Files\Intel\Media SDK\mfx_mft_mjpgvd_64.dll
0x00007ffea3920000 - 0x00007ffea3a0f000 	C:\WINDOWS\SYSTEM32\PROPSYS.dll
0x00007ffe95920000 - 0x00007ffe9593d000 	C:\Windows\System32\mfmjpegdec.dll
0x00007ffe7d930000 - 0x00007ffe7da5d000 	C:\Windows\System32\mfperfhelper.dll
0x00007ffe76650000 - 0x00007ffe767c2000 	C:\WINDOWS\System32\msvproc.dll
0x0000000073ce0000 - 0x0000000073d27000 	C:\Program Files\Java\jdk1.8.0_181\jre\bin\fontmanager.dll
0x00007ffe88910000 - 0x00007ffe889ae000 	C:\WINDOWS\System32\TextInputFramework.dll
0x00007ffea0a80000 - 0x00007ffea0daa000 	C:\WINDOWS\System32\CoreUIComponents.dll
0x00007ffea28a0000 - 0x00007ffea2974000 	C:\WINDOWS\System32\CoreMessaging.dll
0x00007ffe8c910000 - 0x00007ffe8c975000 	C:\WINDOWS\system32\Oleacc.dll
0x0000000075940000 - 0x000000007595a000 	C:\Program Files\Java\jdk1.8.0_181\jre\bin\net.dll
0x00007ffea4680000 - 0x00007ffea46e7000 	C:\WINDOWS\system32\mswsock.dll
0x00000000753d0000 - 0x00000000753e1000 	C:\Program Files\Java\jdk1.8.0_181\jre\bin\nio.dll
0x0000000073c90000 - 0x0000000073cd2000 	C:\Program Files\Java\jdk1.8.0_181\jre\bin\t2k.dll
0x00007ffe95120000 - 0x00007ffe953c6000 	C:\WINDOWS\System32\iertutil.dll
0x00007ffe937c0000 - 0x00007ffe937e4000 	C:\WINDOWS\SYSTEM32\OpenCL.dll
0x00007ffe76d20000 - 0x00007ffe76ea3000 	C:\WINDOWS\System32\DriverStore\FileRepository\ki127968.inf_amd64_37fa78421dc8eefa\IntelOpenCL64.dll
0x00007ffe6b6a0000 - 0x00007ffe6b87e000 	C:\Program Files (x86)\Common Files\Intel\OpenCL\bin\x64\intelocl64.dll
0x00007ffe8b080000 - 0x00007ffe8b12c000 	C:\Program Files (x86)\Common Files\Intel\OpenCL\bin\x64\task_executor64.dll
0x00007ffe868e0000 - 0x00007ffe869ca000 	C:\Program Files (x86)\Common Files\Intel\OpenCL\bin\x64\cpu_device64.dll
0x00007ffe59d20000 - 0x00007ffe5a1dd000 	C:\WINDOWS\System32\DriverStore\FileRepository\ki127968.inf_amd64_37fa78421dc8eefa\igdrcl64.dll
0x00007ffe752b0000 - 0x00007ffe75371000 	C:\WINDOWS\System32\DriverStore\FileRepository\ki127968.inf_amd64_37fa78421dc8eefa\igdfcl64.dll
0x00007ffe99dd0000 - 0x00007ffe9bbb0000 	C:\WINDOWS\System32\DriverStore\FileRepository\ki127968.inf_amd64_37fa78421dc8eefa\igc64.dll
0x00007ffea3720000 - 0x00007ffea3914000 	C:\WINDOWS\SYSTEM32\dbghelp.dll

VM Arguments:
jvm_args: -Dfile.encoding=windows-1252 -Duser.country=FR -Duser.language=fr -Duser.variant 
java_command: fr.pa1007.reco.Affichage
java_class_path (initial): C:\Users\Franc\OneDrive\Documents\ModuleOpenCV\build\classes\java\main;C:\Users\Franc\OneDrive\Documents\ModuleOpenCV\build\resources\main;C:\Users\Franc\OneDrive\Documents\ModuleOpenCV\libs\opencv-420.jar;C:\Users\Franc\.gradle\caches\modules-2\files-2.1\fr.pa1007\TRobotFrameWork\1.1\b5ddf10ed13c2d859fd4ada5aa6f85d1a2b767ff\TRobotFrameWork-1.1.jar;C:\Users\Franc\.gradle\caches\modules-2\files-2.1\com.pi4j\pi4j-device\1.2\51f516a376c74eb926d7dad06f80a86df0f5d886\pi4j-device-1.2.jar;C:\Users\Franc\.gradle\caches\modules-2\files-2.1\com.pi4j\pi4j-gpio-extension\1.2\33b69bbd624da4a2778305c289f5107ea8869ea2\pi4j-gpio-extension-1.2.jar;C:\Users\Franc\.gradle\caches\modules-2\files-2.1\com.pi4j\pi4j-core\1.2\5259166f896a41c72f3f3a239754b8b1b0f866c2\pi4j-core-1.2.jar;C:\Users\Franc\.gradle\caches\modules-2\files-2.1\org.apache.logging.log4j\log4j-core\2.13.0\57b8b57dac4c87696acb4b8457fd8cbf4273d40d\log4j-core-2.13.0.jar;C:\Users\Franc\.gradle\caches\modules-2\files-2.1\com.google.code.gson\gson\2.7\751f548c85fa49f330cecbb1875893f971b33c4e\gson-2.7.jar;C:\Users\Franc\.gradle\caches\modules-2\files-2.1\org.apache.logging.log4j\log4j-api\2.13.0\adaee84c60e0705cf39df8b9fedfab100d3faf2\log4j-api-2.13.0.jar
Launcher Type: SUN_STANDARD

Environment Variables:
PATH=C:\oraclexe\app\oracle\product\11.2.0\server\bin;C:\Program Files (x86)\Intel\Intel(R) Management Engine Components\iCLS\;C:\Program Files\Intel\Intel(R) Management Engine Components\iCLS\;C:\Program Files (x86)\Common Files\Oracle\Java\javapath;C:\WINDOWS\system32;C:\WINDOWS;C:\WINDOWS\System32\Wbem;C:\WINDOWS\System32\WindowsPowerShell\v1.0\;C:\Program Files\Java\jdk1.8.0_181\bin;C:\Program Files (x86)\Intel\Intel(R) Management Engine Components\DAL;C:\Program Files\Intel\Intel(R) Management Engine Components\DAL;C:\Program Files (x86)\Intel\Intel(R) Management Engine Components\IPT;C:\Program Files\Intel\Intel(R) Management Engine Components\IPT;C:\WINDOWS\System32\OpenSSH\;C:\Program Files\Git\cmd;C:\Program Files\Intel\WiFi\bin\;C:\Program Files\Common Files\Intel\WirelessCommon\;C:\Program Files\Gource\cmd;C:\php;C:\ProgramData\ComposerSetup\bin;C:\Program Files\nodejs\;C:\Users\Franc\AppData\Local\Microsoft\WindowsApps;C:\Users\Franc\AppData\Local\atom\bin;C:\Program Files\Intel\WiFi\bin\;C:\Program Files\Common Files\Intel\WirelessCommon\;C:\Users\Franc\AppData\Local\Microsoft\WindowsApps;C:\php\php.exe;C:\Users\Franc\AppData\Roaming\Composer\vendor\bin;C:\Users\Franc\AppData\Roaming\npm
USERNAME=Franc
OS=Windows_NT
PROCESSOR_IDENTIFIER=Intel64 Family 6 Model 142 Stepping 10, GenuineIntel



---------------  S Y S T E M  ---------------

OS: Windows 10.0 , 64 bit Build 18362 (10.0.18362.329)

CPU:total 8 (initial active 8) (4 cores per cpu, 2 threads per core) family 6 model 142 stepping 10, cmov, cx8, fxsr, mmx, sse, sse2, sse3, ssse3, sse4.1, sse4.2, popcnt, avx, avx2, aes, clmul, erms, 3dnowpref, lzcnt, ht, tsc, tscinvbit, bmi1, bmi2, adx

Memory: 4k page, physical 8226392k(677508k free), swap 12651288k(1796388k free)

vm_info: Java HotSpot(TM) 64-Bit Server VM (25.181-b13) for windows-amd64 JRE (1.8.0_181-b13), built on Jul  7 2018 04:01:33 by "java_re" with MS VC++ 10.0 (VS2010)

time: Thu Mar 05 13:14:34 2020
elapsed time: 25 seconds (0d 0h 0m 25s)

